Flow report for RISCV
Sat Jun 02 00:20:46 2018
Quartus Prime Version 17.1.0 Build 590 10/25/2017 SJ Lite Edition


---------------------
; Table of Contents ;
---------------------
  1. Legal Notice
  2. Flow Summary
  3. Flow Settings
  4. Flow Non-Default Global Settings
  5. Flow Elapsed Time
  6. Flow OS Summary
  7. Flow Log
  8. Flow Messages
  9. Flow Suppressed Messages



----------------
; Legal Notice ;
----------------
Copyright (C) 2017  Intel Corporation. All rights reserved.
Your use of Intel Corporation's design tools, logic functions 
and other software and tools, and its AMPP partner logic 
functions, and any output files from any of the foregoing 
(including device programming or simulation files), and any 
associated documentation or information are expressly subject 
to the terms and conditions of the Intel Program License 
Subscription Agreement, the Intel Quartus Prime License Agreement,
the Intel FPGA IP License Agreement, or other applicable license
agreement, including, without limitation, that your use is for
the sole purpose of programming logic devices manufactured by
Intel and sold by Intel or its authorized distributors.  Please
refer to the applicable agreement for further details.



+-------------------------------------------------------------------------------+
; Flow Summary                                                                  ;
+---------------------------------+---------------------------------------------+
; Flow Status                     ; Successful - Sat Jun 02 00:20:46 2018       ;
; Quartus Prime Version           ; 17.1.0 Build 590 10/25/2017 SJ Lite Edition ;
; Revision Name                   ; RISCV                                       ;
; Top-level Entity Name           ; TopDE                                       ;
; Family                          ; Cyclone V                                   ;
; Device                          ; 5CSEMA5F31C6                                ;
; Timing Models                   ; Final                                       ;
; Logic utilization (in ALMs)     ; 1,099 / 32,070 ( 3 % )                      ;
; Total registers                 ; 1995                                        ;
; Total pins                      ; 241 / 457 ( 53 % )                          ;
; Total virtual pins              ; 0                                           ;
; Total block memory bits         ; 928,800 / 4,065,280 ( 23 % )                ;
; Total DSP Blocks                ; 11 / 87 ( 13 % )                            ;
; Total HSSI RX PCSs              ; 0                                           ;
; Total HSSI PMA RX Deserializers ; 0                                           ;
; Total HSSI TX PCSs              ; 0                                           ;
; Total HSSI PMA TX Serializers   ; 0                                           ;
; Total PLLs                      ; 2 / 6 ( 33 % )                              ;
; Total DLLs                      ; 0 / 4 ( 0 % )                               ;
+---------------------------------+---------------------------------------------+


+-----------------------------------------+
; Flow Settings                           ;
+-------------------+---------------------+
; Option            ; Setting             ;
+-------------------+---------------------+
; Start date & time ; 06/02/2018 00:08:38 ;
; Main task         ; Compilation         ;
; Revision Name     ; RISCV               ;
+-------------------+---------------------+


+--------------------------------------------------------------------------------------------------------------------------------------------------+
; Flow Non-Default Global Settings                                                                                                                 ;
+-------------------------------------+-------------------------------------------------------------+---------------+-------------+----------------+
; Assignment Name                     ; Value                                                       ; Default Value ; Entity Name ; Section Id     ;
+-------------------------------------+-------------------------------------------------------------+---------------+-------------+----------------+
; COMPILER_SIGNATURE_ID               ; 220295155517788.152790891860368                             ; --            ; --          ; --             ;
; EDA_NETLIST_WRITER_OUTPUT_DIR       ; D:\Documents\OAC-Labs\Lab3\RISCV-v1.0\Core2\simulation\qsim ; --            ; --          ; eda_simulation ;
; EDA_OUTPUT_DATA_FORMAT              ; Systemverilog Hdl                                           ; --            ; --          ; eda_simulation ;
; EDA_SIMULATION_TOOL                 ; ModelSim-Altera (SystemVerilog)                             ; <None>        ; --          ; --             ;
; EDA_TIME_SCALE                      ; 1 ps                                                        ; --            ; --          ; eda_simulation ;
; MAX_CORE_JUNCTION_TEMP              ; 85                                                          ; --            ; --          ; --             ;
; MIN_CORE_JUNCTION_TEMP              ; 0                                                           ; --            ; --          ; --             ;
; MISC_FILE                           ; VGA/VgaPll.cmp                                              ; --            ; --          ; --             ;
; MISC_FILE                           ; Tempo/PLL_Main_sim/PLL_Main.vo                              ; --            ; --          ; --             ;
; MISC_FILE                           ; Tempo/PLL_Main.cmp                                          ; --            ; --          ; --             ;
; PARTITION_COLOR                     ; -- (Not supported for targeted family)                      ; --            ; TopDE       ; Top            ;
; PARTITION_FITTER_PRESERVATION_LEVEL ; -- (Not supported for targeted family)                      ; --            ; TopDE       ; Top            ;
; PARTITION_NETLIST_TYPE              ; -- (Not supported for targeted family)                      ; --            ; TopDE       ; Top            ;
; POWER_BOARD_THERMAL_MODEL           ; None (CONSERVATIVE)                                         ; --            ; --          ; --             ;
; POWER_PRESET_COOLING_SOLUTION       ; 23 MM HEAT SINK WITH 200 LFPM AIRFLOW                       ; --            ; --          ; --             ;
; SPD_FILE                            ; Tempo/PLL_Main.spd                                          ; --            ; --          ; --             ;
; SYNTHESIS_ONLY_QIP                  ; On                                                          ; --            ; --          ; --             ;
; SYNTHESIS_ONLY_QIP                  ; On                                                          ; --            ; --          ; --             ;
; TOP_LEVEL_ENTITY                    ; TopDE                                                       ; RISCV         ; --          ; --             ;
; VERILOG_INPUT_VERSION               ; SystemVerilog_2005                                          ; Verilog_2001  ; --          ; --             ;
; VERILOG_SHOW_LMF_MAPPING_MESSAGES   ; Off                                                         ; --            ; --          ; --             ;
+-------------------------------------+-------------------------------------------------------------+---------------+-------------+----------------+


+-------------------------------------------------------------------------------------------------------------------------------+
; Flow Elapsed Time                                                                                                             ;
+---------------------------+--------------+-------------------------+---------------------+------------------------------------+
; Module Name               ; Elapsed Time ; Average Processors Used ; Peak Virtual Memory ; Total CPU Time (on all processors) ;
+---------------------------+--------------+-------------------------+---------------------+------------------------------------+
; Analysis & Synthesis      ; 00:00:36     ; 1.0                     ; 5072 MB             ; 00:01:07                           ;
; Fitter                    ; 00:01:35     ; 1.2                     ; 6770 MB             ; 00:03:37                           ;
; Assembler                 ; 00:00:11     ; 1.0                     ; 4912 MB             ; 00:00:10                           ;
; TimeQuest Timing Analyzer ; 00:00:23     ; 1.5                     ; 5288 MB             ; 00:00:32                           ;
; EDA Netlist Writer        ; 00:00:05     ; 1.0                     ; 4938 MB             ; 00:00:04                           ;
; EDA Netlist Writer        ; 00:00:03     ; 1.0                     ; 4767 MB             ; 00:00:02                           ;
; EDA Netlist Writer        ; 00:00:03     ; 1.0                     ; 4767 MB             ; 00:00:02                           ;
; EDA Netlist Writer        ; 00:00:03     ; 1.0                     ; 4887 MB             ; 00:00:03                           ;
; EDA Netlist Writer        ; 00:00:03     ; 1.0                     ; 4767 MB             ; 00:00:02                           ;
; EDA Netlist Writer        ; 00:00:03     ; 1.0                     ; 4767 MB             ; 00:00:02                           ;
; EDA Netlist Writer        ; 00:00:03     ; 1.0                     ; 4883 MB             ; 00:00:03                           ;
; Total                     ; 00:03:08     ; --                      ; --                  ; 00:05:44                           ;
+---------------------------+--------------+-------------------------+---------------------+------------------------------------+


+-----------------------------------------------------------------------------------------+
; Flow OS Summary                                                                         ;
+---------------------------+------------------+------------+------------+----------------+
; Module Name               ; Machine Hostname ; OS Name    ; OS Version ; Processor type ;
+---------------------------+------------------+------------+------------+----------------+
; Analysis & Synthesis      ; LAPTOP-V2PHMVQQ  ; Windows 10 ; 10.0       ; x86_64         ;
; Fitter                    ; LAPTOP-V2PHMVQQ  ; Windows 10 ; 10.0       ; x86_64         ;
; Assembler                 ; LAPTOP-V2PHMVQQ  ; Windows 10 ; 10.0       ; x86_64         ;
; TimeQuest Timing Analyzer ; LAPTOP-V2PHMVQQ  ; Windows 10 ; 10.0       ; x86_64         ;
; EDA Netlist Writer        ; LAPTOP-V2PHMVQQ  ; Windows 10 ; 10.0       ; x86_64         ;
; EDA Netlist Writer        ; LAPTOP-V2PHMVQQ  ; Windows 10 ; 10.0       ; x86_64         ;
; EDA Netlist Writer        ; LAPTOP-V2PHMVQQ  ; Windows 10 ; 10.0       ; x86_64         ;
; EDA Netlist Writer        ; LAPTOP-V2PHMVQQ  ; Windows 10 ; 10.0       ; x86_64         ;
; EDA Netlist Writer        ; LAPTOP-V2PHMVQQ  ; Windows 10 ; 10.0       ; x86_64         ;
; EDA Netlist Writer        ; LAPTOP-V2PHMVQQ  ; Windows 10 ; 10.0       ; x86_64         ;
; EDA Netlist Writer        ; LAPTOP-V2PHMVQQ  ; Windows 10 ; 10.0       ; x86_64         ;
+---------------------------+------------------+------------+------------+----------------+


------------
; Flow Log ;
------------
quartus_map --read_settings_files=on --write_settings_files=off RISCV -c RISCV
quartus_fit --read_settings_files=off --write_settings_files=off RISCV -c RISCV
quartus_asm --read_settings_files=off --write_settings_files=off RISCV -c RISCV
quartus_sta RISCV -c RISCV
quartus_eda --read_settings_files=off --write_settings_files=off RISCV -c RISCV
quartus_eda --gen_testbench --tool=modelsim_oem --format=verilog --write_settings_files=off RISCV -c RISCV --vector_source=D:/Documents/OAC-Labs/Lab3/RISCV-v1.0/Core2/Waveform.vwf --testbench_file=D:/Documents/OAC-Labs/Lab3/RISCV-v1.0/Core2/simulation/modelsim/Waveform.vwf.vt
quartus_eda --gen_testbench --tool=modelsim_oem --format=verilog --write_settings_files=off RISCV -c RISCV --vector_source=D:/Documents/OAC-Labs/Lab3/RISCV-v1.0/Core2/Waveform.vwf --testbench_file=D:/Documents/OAC-Labs/Lab3/RISCV-v1.0/Core2/simulation/qsim/Waveform.vwf.vt
quartus_eda --write_settings_files=off --simulation=on --functional=on --flatten_buses=off --tool=modelsim_oem --format=verilog --output_directory=D:/Documents/OAC-Labs/Lab3/RISCV-v1.0/Core2/simulation/qsim/ RISCV -c RISCV
quartus_eda --gen_testbench --tool=modelsim_oem --format=verilog --write_settings_files=off RISCV -c RISCV --vector_source=D:/Documents/OAC-Labs/Lab3/RISCV-v1.0/Core2/Waveform.vwf --testbench_file=D:/Documents/OAC-Labs/Lab3/RISCV-v1.0/Core2/simulation/modelsim/Waveform.vwf.vt
quartus_eda --gen_testbench --tool=modelsim_oem --format=verilog --write_settings_files=off RISCV -c RISCV --vector_source=D:/Documents/OAC-Labs/Lab3/RISCV-v1.0/Core2/Waveform.vwf --testbench_file=D:/Documents/OAC-Labs/Lab3/RISCV-v1.0/Core2/simulation/qsim/Waveform.vwf.vt
quartus_eda --write_settings_files=off --simulation=on --functional=on --flatten_buses=off --tool=modelsim_oem --format=verilog --output_directory=D:/Documents/OAC-Labs/Lab3/RISCV-v1.0/Core2/simulation/qsim/ RISCV -c RISCV



